<?xml version="1.0" encoding="UTF-8"?>
<testsuite name="sql.DatabaseServiceTest" tests="1" skipped="0" failures="0" errors="0" timestamp="2021-05-07T11:29:04" hostname="MRUNAL" time="0.922">
  <properties/>
  <testcase name="givenNewSalaryForEmployee_WhenUpdated_ShouldMatch()" classname="sql.DatabaseServiceTest" time="0.922"/>
  <system-out><![CDATA[Connecting to database:jdbc:mysql://localhost:3306/payroll_service
Processing Thread : Test worker Id:1Connection is successful!com.mysql.cj.jdbc.ConnectionImpl@10ee64d
Connection is successful!com.mysql.cj.jdbc.ConnectionImpl@10ee64d
Connecting to database:jdbc:mysql://localhost:3306/payroll_service
Processing Thread : Test worker Id:1Connection is successful!com.mysql.cj.jdbc.ConnectionImpl@1008501
Connection is successful!com.mysql.cj.jdbc.ConnectionImpl@1008501
3
Connecting to database:jdbc:mysql://localhost:3306/payroll_service
Processing Thread : Test worker Id:1Connection is successful!com.mysql.cj.jdbc.ConnectionImpl@16a496f
Connection is successful!com.mysql.cj.jdbc.ConnectionImpl@16a496f
Connecting to database:jdbc:mysql://localhost:3306/payroll_service
Processing Thread : Test worker Id:1Connection is successful!com.mysql.cj.jdbc.ConnectionImpl@144980c
Connection is successful!com.mysql.cj.jdbc.ConnectionImpl@144980c
Connecting to database:jdbc:mysql://localhost:3306/payroll_service
Processing Thread : Test worker Id:1Connection is successful!com.mysql.cj.jdbc.ConnectionImpl@1ef006b
Connection is successful!com.mysql.cj.jdbc.ConnectionImpl@1ef006b
]]></system-out>
  <system-err><![CDATA[]]></system-err>
</testsuite>
